Loaded dependency [gcc/8.4.0]: binutils/2.34
Loaded module: gcc/8.4.0

Switching from gcc/8.4.0 to gcc/8.4.0
  Loading requirement: binutils/2.34
Unloading binutils/2.34
  ERROR: Module cannot be unloaded due to a prereq.
    HINT: Might try "module unload gcc/8.4.0" first.

Switching from binutils/2.34 to binutils/2.34
  ERROR: Unload of switched-off binutils/2.34 failed
Loaded dependency [python3/3.9.11]: gcc/10.3.0-binutils-2.36.1
Loaded module: python3/3.9.11

Switching from python3/3.9.11 to python3/3.9.11
  Loading requirement: gcc/10.3.0-binutils-2.36.1
Loaded module: openblas/0.3.19
Loaded module: numpy/1.22.3-python-3.9.11-openblas-0.3.19
Loaded module: cuda/11.8
Loaded module: cudnn/v8.6.0.163-prod-cuda-11.X
Loaded module: ffmpeg/4.2.2
Loaded module: pandas/1.4.1-python-3.9.11
Loaded module: scipy/1.7.3-python-3.9.11
/bin/bash: ./train_NLP.sh: Permission denied

------------------------------------------------------------
Sender: LSF System <lsfadmin@hpc.dtu.dk>
Subject: Job 21236088: <NONAME> in cluster <dcc> Exited

Job <NONAME> was submitted from host <n-62-20-1> by user <s220672> in cluster <dcc> at Tue Apr  9 09:42:58 2024
Job was executed on host(s) <n-62-31-21>, in queue <hpc>, as user <s220672> in cluster <dcc> at Tue Apr  9 09:42:58 2024
</zhome/20/8/175218> was used as the home directory.
</zhome/20/8/175218/SeqLP> was used as the working directory.
Started at Tue Apr  9 09:42:58 2024
Terminated at Tue Apr  9 09:43:00 2024
Results reported at Tue Apr  9 09:43:00 2024

Your job looked like:

------------------------------------------------------------
# LSBATCH: User input
train_NLP.sh
------------------------------------------------------------

Exited with exit code 126.

Resource usage summary:

    CPU time :                                   0.64 sec.
    Max Memory :                                 -
    Average Memory :                             -
    Total Requested Memory :                     1024.00 MB
    Delta Memory :                               -
    Max Swap :                                   -
    Max Processes :                              -
    Max Threads :                                -
    Run time :                                   101 sec.
    Turnaround time :                            2 sec.

The output (if any) is above this job summary.

